<?xml version="1.0" encoding="UTF-8"?>
<!-- Generated by org.testng.reporters.JUnitReportReporter -->
<testsuite hostname="Amits-MacBook-Air.local" failures="0" tests="9" name="api.test.UserTests" time="19.193" errors="0" timestamp="2024-02-29T02:37:35 IST" skipped="0">
  <testcase classname="api.test.UserTests" name="login" time="2.807"/>
  <system-out/>
  <testcase classname="api.test.UserTests" name="getUserDetails" time="1.969"/>
  <system-out/>
  <testcase classname="api.test.UserTests" name="updateUserDetails" time="1.305"/>
  <system-out/>
  <testcase classname="api.test.UserTests" name="setLanguage" time="1.151"/>
  <system-out/>
  <testcase classname="api.test.UserTests" name="getFollowers" time="1.996"/>
  <system-out/>
  <testcase classname="api.test.UserTests" name="getFollowing" time="2.781"/>
  <system-out/>
  <testcase classname="api.test.UserTests" name="unfollowUser" time="3.537"/>
  <system-out/>
  <testcase classname="api.test.UserTests" name="followUser" time="1.696"/>
  <system-out/>
  <testcase classname="api.test.UserTests" name="bankIDverified" time="1.951"/>
  <system-out/>
</testsuite> <!-- api.test.UserTests -->
