<?xml version="1.0" encoding="UTF-8"?>
<!-- Generated by org.testng.reporters.JUnitReportReporter -->
<testsuite hostname="Amits-MacBook-Air.local" failures="0" tests="1" name="api.test.ProductTest" time="6.442" errors="0" timestamp="2024-03-20T16:33:17 IST" skipped="0">
  <testcase classname="api.test.ProductTest" name="addProduct" time="6.442"/>
  <system-out/>
</testsuite> <!-- api.test.ProductTest -->
