<?xml version="1.0" encoding="UTF-8"?>
<!-- Generated by org.testng.reporters.JUnitReportReporter -->
<testsuite hostname="Amits-MacBook-Air.local" failures="0" tests="2" name="api.test.CategoriesTest" time="6.115" errors="0" timestamp="2024-03-07T17:03:43 IST" skipped="0">
  <testcase classname="api.test.CategoriesTest" name="getCategories" time="4.514"/>
  <system-out/>
  <testcase classname="api.test.CategoriesTest" name="printNameOfCategories" time="1.601"/>
  <system-out/>
</testsuite> <!-- api.test.CategoriesTest -->
